<?xml version="1.0" encoding="UTF-8"?>
<!-- Generated by org.testng.reporters.JUnitXMLReporter -->
<testsuite ignored="0" hostname="DESKTOP-MQMJHOP" failures="1" tests="3" name="Test" time="106.904" errors="0" timestamp="2021-11-10T16:54:31 IST">
  <testcase classname="testng.Testcase1" name="tc1" time="6.107">
    <failure type="java.lang.AssertionError" message="The following asserts failed:
	expected [jfjfjgkhgk] but found [Log in to Facebook]">
      <![CDATA[java.lang.AssertionError: The following asserts failed:
expected [jfjfjgkhgk] but found [Log in to Facebook]
at testng.Testcase1.tc1(Testcase1.java:44)
at java.base/java.util.ArrayList.forEach(ArrayList.java:1540)
... Removed 29 stack frames]]>
    </failure>
  </testcase> <!-- tc1 -->
  <testcase classname="testng.TestCase2" name="tc2" time="8.856"/>
  <testcase classname="testng.TestCase3" name="tc3" time="5.284"/>
</testsuite> <!-- Test -->
